0 info it worked if it ends with ok
1 verbose cli [ 'c:\\Program Files (x86)\\nodejs\\node.exe',
1 verbose cli   'c:\\Program Files (x86)\\nodejs\\node_modules\\npm\\bin\\npm-cli.js',
1 verbose cli   'install',
1 verbose cli   'core-ajax' ]
2 info using npm@1.4.3
3 info using node@v0.10.26
4 warn package.json simple-skeleton@0.0.1 No repository field.
5 verbose readDependencies using package.json deps
6 verbose cache add [ 'core-ajax', null ]
7 verbose cache add name=undefined spec="core-ajax" args=["core-ajax",null]
8 verbose parsed url { protocol: null,
8 verbose parsed url   slashes: null,
8 verbose parsed url   auth: null,
8 verbose parsed url   host: null,
8 verbose parsed url   port: null,
8 verbose parsed url   hostname: null,
8 verbose parsed url   hash: null,
8 verbose parsed url   search: null,
8 verbose parsed url   query: null,
8 verbose parsed url   pathname: 'core-ajax',
8 verbose parsed url   path: 'core-ajax',
8 verbose parsed url   href: 'core-ajax' }
9 silly lockFile 65f3b1da-core-ajax core-ajax
10 verbose lock core-ajax C:\Users\Anouk\AppData\Roaming\npm-cache\65f3b1da-core-ajax.lock
11 silly lockFile 65f3b1da-core-ajax core-ajax
12 silly lockFile 65f3b1da-core-ajax core-ajax
13 verbose addNamed [ 'core-ajax', '' ]
14 verbose addNamed [ null, '*' ]
15 silly lockFile 69f98362-core-ajax core-ajax@
16 verbose lock core-ajax@ C:\Users\Anouk\AppData\Roaming\npm-cache\69f98362-core-ajax.lock
17 silly addNameRange { name: 'core-ajax', range: '*', hasData: false }
18 verbose url raw core-ajax
19 verbose url resolving [ 'https://registry.npmjs.org/', './core-ajax' ]
20 verbose url resolved https://registry.npmjs.org/core-ajax
21 info trying registry request attempt 1 at 13:16:12
22 http GET https://registry.npmjs.org/core-ajax
23 http 404 https://registry.npmjs.org/core-ajax
24 silly registry.get cb [ 404,
24 silly registry.get   { date: 'Wed, 28 May 2014 11:16:09 GMT',
24 silly registry.get     server: 'CouchDB/1.5.0 (Erlang OTP/R14B04)',
24 silly registry.get     'content-type': 'application/json',
24 silly registry.get     via: '1.1 varnish',
24 silly registry.get     'cache-control': 'max-age=0',
24 silly registry.get     'content-length': '52',
24 silly registry.get     'accept-ranges': 'bytes',
24 silly registry.get     age: '0',
24 silly registry.get     'x-served-by': 'cache-v36-ASH, cache-am71-AMS',
24 silly registry.get     'x-cache': 'MISS, MISS',
24 silly registry.get     'x-cache-hits': '0, 0',
24 silly registry.get     'x-timer': 'S1401275769.560144,VS0,VE175',
24 silly registry.get     'keep-alive': 'timeout=10, max=50',
24 silly registry.get     connection: 'Keep-Alive' } ]
25 silly lockFile 69f98362-core-ajax core-ajax@
26 silly lockFile 69f98362-core-ajax core-ajax@
27 error 404 'core-ajax' is not in the npm registry.
27 error 404 You should bug the author to publish it
27 error 404 It was specified as a dependency of 'simple-skeleton'
27 error 404
27 error 404 Note that you can also install from a
27 error 404 tarball, folder, or http url, or git url.
28 error System Windows_NT 6.1.7601
29 error command "c:\\Program Files (x86)\\nodejs\\node.exe" "c:\\Program Files (x86)\\nodejs\\node_modules\\npm\\bin\\npm-cli.js" "install" "core-ajax"
30 error cwd C:\Users\Anouk\Documents\GitHub\simple-skeleton
31 error node -v v0.10.26
32 error npm -v 1.4.3
33 error code E404
34 verbose exit [ 1, true ]
